2024-08-30 20:14:35.044 ERROR 3916 --- [http-nio-8080-exec-13] com.baidu.brpc.client.BrpcProxy          : exception :

com.baidu.brpc.exceptions.RpcException: com.baidu.brpc.exceptions.RpcException: com.baidu.brpc.exceptions.RpcException: 
	at com.baidu.brpc.client.BrpcProxy.intercept(BrpcProxy.java:268) ~[brpc-java-2.5.9.jar!/:na]
	at com.github.raftimpl.raft.example.server.service.ExampleService$$EnhancerByCGLIB$$b85a9f0d.set(<generated>) ~[raft-java-example-1.9.0.jar!/:na]
	at com.github.raftimpl.raft.template.RaftTemplate.write(RaftTemplate.java:44) ~[classes!/:na]
	at com.github.raftimpl.raft.controller.TestController.write(TestController.java:15) ~[classes!/:na]
	at java.base/jdk.internal.reflect.NativeMethodAccessorImpl.invoke0(Native Method) ~[na:na]
	at java.base/jdk.internal.reflect.NativeMethodAccessorImpl.invoke(NativeMethodAccessorImpl.java:62) ~[na:na]
	at java.base/jdk.internal.reflect.DelegatingMethodAccessorImpl.invoke(DelegatingMethodAccessorImpl.java:43) ~[na:na]
	at java.base/java.lang.reflect.Method.invoke(Method.java:566) ~[na:na]
	at org.springframework.web.method.support.InvocableHandlerMethod.doInvoke(InvocableHandlerMethod.java:205) ~[spring-web-5.3.15.jar!/:5.3.15]
	at org.springframework.web.method.support.InvocableHandlerMethod.invokeForRequest(InvocableHandlerMethod.java:150) ~[spring-web-5.3.15.jar!/:5.3.15]
	at org.springframework.web.servlet.mvc.method.annotation.ServletInvocableHandlerMethod.invokeAndHandle(ServletInvocableHandlerMethod.java:117) ~[spring-webmvc-5.3.15.jar!/:5.3.15]
	at org.springframework.web.servlet.mvc.method.annotation.RequestMappingHandlerAdapter.invokeHandlerMethod(RequestMappingHandlerAdapter.java:895) ~[spring-webmvc-5.3.15.jar!/:5.3.15]
	at org.springframework.web.servlet.mvc.method.annotation.RequestMappingHandlerAdapter.handleInternal(RequestMappingHandlerAdapter.java:808) ~[spring-webmvc-5.3.15.jar!/:5.3.15]
	at org.springframework.web.servlet.mvc.method.AbstractHandlerMethodAdapter.handle(AbstractHandlerMethodAdapter.java:87) ~[spring-webmvc-5.3.15.jar!/:5.3.15]
	at org.springframework.web.servlet.DispatcherServlet.doDispatch(DispatcherServlet.java:1067) ~[spring-webmvc-5.3.15.jar!/:5.3.15]
	at org.springframework.web.servlet.DispatcherServlet.doService(DispatcherServlet.java:963) ~[spring-webmvc-5.3.15.jar!/:5.3.15]
	at org.springframework.web.servlet.FrameworkServlet.processRequest(FrameworkServlet.java:1006) ~[spring-webmvc-5.3.15.jar!/:5.3.15]
	at org.springframework.web.servlet.FrameworkServlet.doPost(FrameworkServlet.java:909) ~[spring-webmvc-5.3.15.jar!/:5.3.15]
	at javax.servlet.http.HttpServlet.service(HttpServlet.java:681) ~[tomcat-embed-core-9.0.56.jar!/:na]
	at org.springframework.web.servlet.FrameworkServlet.service(FrameworkServlet.java:883) ~[spring-webmvc-5.3.15.jar!/:5.3.15]
	at javax.servlet.http.HttpServlet.service(HttpServlet.java:764) ~[tomcat-embed-core-9.0.56.jar!/:na]
	at org.apache.catalina.core.ApplicationFilterChain.internalDoFilter(ApplicationFilterChain.java:227) ~[tomcat-embed-core-9.0.56.jar!/:na]
	at org.apache.catalina.core.ApplicationFilterChain.doFilter(ApplicationFilterChain.java:162) ~[tomcat-embed-core-9.0.56.jar!/:na]
	at org.apache.tomcat.websocket.server.WsFilter.doFilter(WsFilter.java:53) ~[tomcat-embed-websocket-9.0.56.jar!/:na]
	at org.apache.catalina.core.ApplicationFilterChain.internalDoFilter(ApplicationFilterChain.java:189) ~[tomcat-embed-core-9.0.56.jar!/:na]
	at org.apache.catalina.core.ApplicationFilterChain.doFilter(ApplicationFilterChain.java:162) ~[tomcat-embed-core-9.0.56.jar!/:na]
	at org.springframework.web.filter.RequestContextFilter.doFilterInternal(RequestContextFilter.java:100) ~[spring-web-5.3.15.jar!/:5.3.15]
	at org.springframework.web.filter.OncePerRequestFilter.doFilter(OncePerRequestFilter.java:117) ~[spring-web-5.3.15.jar!/:5.3.15]
	at org.apache.catalina.core.ApplicationFilterChain.internalDoFilter(ApplicationFilterChain.java:189) ~[tomcat-embed-core-9.0.56.jar!/:na]
	at org.apache.catalina.core.ApplicationFilterChain.doFilter(ApplicationFilterChain.java:162) ~[tomcat-embed-core-9.0.56.jar!/:na]
	at org.springframework.web.filter.FormContentFilter.doFilterInternal(FormContentFilter.java:93) ~[spring-web-5.3.15.jar!/:5.3.15]
	at org.springframework.web.filter.OncePerRequestFilter.doFilter(OncePerRequestFilter.java:117) ~[spring-web-5.3.15.jar!/:5.3.15]
	at org.apache.catalina.core.ApplicationFilterChain.internalDoFilter(ApplicationFilterChain.java:189) ~[tomcat-embed-core-9.0.56.jar!/:na]
	at org.apache.catalina.core.ApplicationFilterChain.doFilter(ApplicationFilterChain.java:162) ~[tomcat-embed-core-9.0.56.jar!/:na]
	at org.springframework.web.filter.CharacterEncodingFilter.doFilterInternal(CharacterEncodingFilter.java:201) ~[spring-web-5.3.15.jar!/:5.3.15]
	at org.springframework.web.filter.OncePerRequestFilter.doFilter(OncePerRequestFilter.java:117) ~[spring-web-5.3.15.jar!/:5.3.15]
	at org.apache.catalina.core.ApplicationFilterChain.internalDoFilter(ApplicationFilterChain.java:189) ~[tomcat-embed-core-9.0.56.jar!/:na]
	at org.apache.catalina.core.ApplicationFilterChain.doFilter(ApplicationFilterChain.java:162) ~[tomcat-embed-core-9.0.56.jar!/:na]
	at org.apache.catalina.core.StandardWrapperValve.invoke(StandardWrapperValve.java:197) ~[tomcat-embed-core-9.0.56.jar!/:na]
	at org.apache.catalina.core.StandardContextValve.invoke(StandardContextValve.java:97) ~[tomcat-embed-core-9.0.56.jar!/:na]
	at org.apache.catalina.authenticator.AuthenticatorBase.invoke(AuthenticatorBase.java:540) ~[tomcat-embed-core-9.0.56.jar!/:na]
	at org.apache.catalina.core.StandardHostValve.invoke(StandardHostValve.java:135) ~[tomcat-embed-core-9.0.56.jar!/:na]
	at org.apache.catalina.valves.ErrorReportValve.invoke(ErrorReportValve.java:92) ~[tomcat-embed-core-9.0.56.jar!/:na]
	at org.apache.catalina.core.StandardEngineValve.invoke(StandardEngineValve.java:78) ~[tomcat-embed-core-9.0.56.jar!/:na]
	at org.apache.catalina.connector.CoyoteAdapter.service(CoyoteAdapter.java:357) ~[tomcat-embed-core-9.0.56.jar!/:na]
	at org.apache.coyote.http11.Http11Processor.service(Http11Processor.java:382) ~[tomcat-embed-core-9.0.56.jar!/:na]
	at org.apache.coyote.AbstractProcessorLight.process(AbstractProcessorLight.java:65) ~[tomcat-embed-core-9.0.56.jar!/:na]
	at org.apache.coyote.AbstractProtocol$ConnectionHandler.process(AbstractProtocol.java:895) ~[tomcat-embed-core-9.0.56.jar!/:na]
	at org.apache.tomcat.util.net.NioEndpoint$SocketProcessor.doRun(NioEndpoint.java:1732) ~[tomcat-embed-core-9.0.56.jar!/:na]
	at org.apache.tomcat.util.net.SocketProcessorBase.run(SocketProcessorBase.java:49) ~[tomcat-embed-core-9.0.56.jar!/:na]
	at org.apache.tomcat.util.threads.ThreadPoolExecutor.runWorker(ThreadPoolExecutor.java:1191) ~[tomcat-embed-core-9.0.56.jar!/:na]
	at org.apache.tomcat.util.threads.ThreadPoolExecutor$Worker.run(ThreadPoolExecutor.java:659) ~[tomcat-embed-core-9.0.56.jar!/:na]
	at org.apache.tomcat.util.threads.TaskThread$WrappingRunnable.run(TaskThread.java:61) ~[tomcat-embed-core-9.0.56.jar!/:na]
	at java.base/java.lang.Thread.run(Thread.java:829) ~[na:na]
Caused by: com.baidu.brpc.exceptions.RpcException: com.baidu.brpc.exceptions.RpcException: 
	at com.baidu.brpc.client.RpcFuture.get(RpcFuture.java:178) ~[brpc-java-2.5.9.jar!/:na]
	at com.baidu.brpc.interceptor.LoadBalanceInterceptor.rpcCore(LoadBalanceInterceptor.java:93) ~[brpc-java-2.5.9.jar!/:na]
	at com.baidu.brpc.interceptor.LoadBalanceInterceptor.invokeRpc(LoadBalanceInterceptor.java:82) ~[brpc-java-2.5.9.jar!/:na]
	at com.baidu.brpc.interceptor.LoadBalanceInterceptor.aroundProcess(LoadBalanceInterceptor.java:62) ~[brpc-java-2.5.9.jar!/:na]
	at com.baidu.brpc.interceptor.DefaultInterceptorChain.intercept(DefaultInterceptorChain.java:43) ~[brpc-java-2.5.9.jar!/:na]
	at com.baidu.brpc.interceptor.AbstractInterceptor.aroundProcess(AbstractInterceptor.java:35) ~[brpc-java-2.5.9.jar!/:na]
	at com.baidu.brpc.interceptor.ClientTraceInterceptor.aroundProcess(ClientTraceInterceptor.java:40) ~[brpc-java-2.5.9.jar!/:na]
	at com.baidu.brpc.interceptor.DefaultInterceptorChain.intercept(DefaultInterceptorChain.java:43) ~[brpc-java-2.5.9.jar!/:na]
	at com.baidu.brpc.client.BrpcProxy.intercept(BrpcProxy.java:266) ~[brpc-java-2.5.9.jar!/:na]
	... 53 common frames omitted
Caused by: com.baidu.brpc.exceptions.RpcException: 
	at com.baidu.brpc.protocol.standard.BaiduRpcProtocol.decodeResponse(BaiduRpcProtocol.java:162) ~[brpc-java-2.5.9.jar!/:na]
	at com.baidu.brpc.protocol.standard.BaiduRpcProtocol.decodeResponse(BaiduRpcProtocol.java:70) ~[brpc-java-2.5.9.jar!/:na]
	at com.baidu.brpc.client.handler.ClientWorkTask.run(ClientWorkTask.java:65) ~[brpc-java-2.5.9.jar!/:na]
	at com.baidu.brpc.utils.ThreadPool.consume(ThreadPool.java:131) ~[brpc-java-2.5.9.jar!/:na]
	at com.baidu.brpc.utils.ThreadPool.access$000(ThreadPool.java:37) ~[brpc-java-2.5.9.jar!/:na]
	at com.baidu.brpc.utils.ThreadPool$1.run(ThreadPool.java:79) ~[brpc-java-2.5.9.jar!/:na]
	at io.netty.util.concurrent.FastThreadLocalRunnable.run(FastThreadLocalRunnable.java:30) ~[netty-all-4.1.42.Final.jar!/:4.1.42.Final]
	... 1 common frames omitted

2024-08-30 20:14:35.027 ERROR 3916 --- [http-nio-8080-exec-1] com.baidu.brpc.client.BrpcProxy          : exception :

com.baidu.brpc.exceptions.RpcException: com.baidu.brpc.exceptions.RpcException: com.baidu.brpc.exceptions.RpcException: 
	at com.baidu.brpc.client.BrpcProxy.intercept(BrpcProxy.java:268) ~[brpc-java-2.5.9.jar!/:na]
	at com.github.raftimpl.raft.example.server.service.ExampleService$$EnhancerByCGLIB$$b85a9f0d.set(<generated>) ~[raft-java-example-1.9.0.jar!/:na]
	at com.github.raftimpl.raft.template.RaftTemplate.write(RaftTemplate.java:44) ~[classes!/:na]
	at com.github.raftimpl.raft.controller.TestController.write(TestController.java:15) ~[classes!/:na]
	at java.base/jdk.internal.reflect.NativeMethodAccessorImpl.invoke0(Native Method) ~[na:na]
	at java.base/jdk.internal.reflect.NativeMethodAccessorImpl.invoke(NativeMethodAccessorImpl.java:62) ~[na:na]
	at java.base/jdk.internal.reflect.DelegatingMethodAccessorImpl.invoke(DelegatingMethodAccessorImpl.java:43) ~[na:na]
	at java.base/java.lang.reflect.Method.invoke(Method.java:566) ~[na:na]
	at org.springframework.web.method.support.InvocableHandlerMethod.doInvoke(InvocableHandlerMethod.java:205) ~[spring-web-5.3.15.jar!/:5.3.15]
	at org.springframework.web.method.support.InvocableHandlerMethod.invokeForRequest(InvocableHandlerMethod.java:150) ~[spring-web-5.3.15.jar!/:5.3.15]
	at org.springframework.web.servlet.mvc.method.annotation.ServletInvocableHandlerMethod.invokeAndHandle(ServletInvocableHandlerMethod.java:117) ~[spring-webmvc-5.3.15.jar!/:5.3.15]
	at org.springframework.web.servlet.mvc.method.annotation.RequestMappingHandlerAdapter.invokeHandlerMethod(RequestMappingHandlerAdapter.java:895) ~[spring-webmvc-5.3.15.jar!/:5.3.15]
	at org.springframework.web.servlet.mvc.method.annotation.RequestMappingHandlerAdapter.handleInternal(RequestMappingHandlerAdapter.java:808) ~[spring-webmvc-5.3.15.jar!/:5.3.15]
	at org.springframework.web.servlet.mvc.method.AbstractHandlerMethodAdapter.handle(AbstractHandlerMethodAdapter.java:87) ~[spring-webmvc-5.3.15.jar!/:5.3.15]
	at org.springframework.web.servlet.DispatcherServlet.doDispatch(DispatcherServlet.java:1067) ~[spring-webmvc-5.3.15.jar!/:5.3.15]
	at org.springframework.web.servlet.DispatcherServlet.doService(DispatcherServlet.java:963) ~[spring-webmvc-5.3.15.jar!/:5.3.15]
	at org.springframework.web.servlet.FrameworkServlet.processRequest(FrameworkServlet.java:1006) ~[spring-webmvc-5.3.15.jar!/:5.3.15]
	at org.springframework.web.servlet.FrameworkServlet.doPost(FrameworkServlet.java:909) ~[spring-webmvc-5.3.15.jar!/:5.3.15]
	at javax.servlet.http.HttpServlet.service(HttpServlet.java:681) ~[tomcat-embed-core-9.0.56.jar!/:na]
	at org.springframework.web.servlet.FrameworkServlet.service(FrameworkServlet.java:883) ~[spring-webmvc-5.3.15.jar!/:5.3.15]
	at javax.servlet.http.HttpServlet.service(HttpServlet.java:764) ~[tomcat-embed-core-9.0.56.jar!/:na]
	at org.apache.catalina.core.ApplicationFilterChain.internalDoFilter(ApplicationFilterChain.java:227) ~[tomcat-embed-core-9.0.56.jar!/:na]
	at org.apache.catalina.core.ApplicationFilterChain.doFilter(ApplicationFilterChain.java:162) ~[tomcat-embed-core-9.0.56.jar!/:na]
	at org.apache.tomcat.websocket.server.WsFilter.doFilter(WsFilter.java:53) ~[tomcat-embed-websocket-9.0.56.jar!/:na]
	at org.apache.catalina.core.ApplicationFilterChain.internalDoFilter(ApplicationFilterChain.java:189) ~[tomcat-embed-core-9.0.56.jar!/:na]
	at org.apache.catalina.core.ApplicationFilterChain.doFilter(ApplicationFilterChain.java:162) ~[tomcat-embed-core-9.0.56.jar!/:na]
	at org.springframework.web.filter.RequestContextFilter.doFilterInternal(RequestContextFilter.java:100) ~[spring-web-5.3.15.jar!/:5.3.15]
	at org.springframework.web.filter.OncePerRequestFilter.doFilter(OncePerRequestFilter.java:117) ~[spring-web-5.3.15.jar!/:5.3.15]
	at org.apache.catalina.core.ApplicationFilterChain.internalDoFilter(ApplicationFilterChain.java:189) ~[tomcat-embed-core-9.0.56.jar!/:na]
	at org.apache.catalina.core.ApplicationFilterChain.doFilter(ApplicationFilterChain.java:162) ~[tomcat-embed-core-9.0.56.jar!/:na]
	at org.springframework.web.filter.FormContentFilter.doFilterInternal(FormContentFilter.java:93) ~[spring-web-5.3.15.jar!/:5.3.15]
	at org.springframework.web.filter.OncePerRequestFilter.doFilter(OncePerRequestFilter.java:117) ~[spring-web-5.3.15.jar!/:5.3.15]
	at org.apache.catalina.core.ApplicationFilterChain.internalDoFilter(ApplicationFilterChain.java:189) ~[tomcat-embed-core-9.0.56.jar!/:na]
	at org.apache.catalina.core.ApplicationFilterChain.doFilter(ApplicationFilterChain.java:162) ~[tomcat-embed-core-9.0.56.jar!/:na]
	at org.springframework.web.filter.CharacterEncodingFilter.doFilterInternal(CharacterEncodingFilter.java:201) ~[spring-web-5.3.15.jar!/:5.3.15]
	at org.springframework.web.filter.OncePerRequestFilter.doFilter(OncePerRequestFilter.java:117) ~[spring-web-5.3.15.jar!/:5.3.15]
	at org.apache.catalina.core.ApplicationFilterChain.internalDoFilter(ApplicationFilterChain.java:189) ~[tomcat-embed-core-9.0.56.jar!/:na]
	at org.apache.catalina.core.ApplicationFilterChain.doFilter(ApplicationFilterChain.java:162) ~[tomcat-embed-core-9.0.56.jar!/:na]
	at org.apache.catalina.core.StandardWrapperValve.invoke(StandardWrapperValve.java:197) ~[tomcat-embed-core-9.0.56.jar!/:na]
	at org.apache.catalina.core.StandardContextValve.invoke(StandardContextValve.java:97) ~[tomcat-embed-core-9.0.56.jar!/:na]
	at org.apache.catalina.authenticator.AuthenticatorBase.invoke(AuthenticatorBase.java:540) ~[tomcat-embed-core-9.0.56.jar!/:na]
	at org.apache.catalina.core.StandardHostValve.invoke(StandardHostValve.java:135) ~[tomcat-embed-core-9.0.56.jar!/:na]
	at org.apache.catalina.valves.ErrorReportValve.invoke(ErrorReportValve.java:92) ~[tomcat-embed-core-9.0.56.jar!/:na]
	at org.apache.catalina.core.StandardEngineValve.invoke(StandardEngineValve.java:78) ~[tomcat-embed-core-9.0.56.jar!/:na]
	at org.apache.catalina.connector.CoyoteAdapter.service(CoyoteAdapter.java:357) ~[tomcat-embed-core-9.0.56.jar!/:na]
	at org.apache.coyote.http11.Http11Processor.service(Http11Processor.java:382) ~[tomcat-embed-core-9.0.56.jar!/:na]
	at org.apache.coyote.AbstractProcessorLight.process(AbstractProcessorLight.java:65) ~[tomcat-embed-core-9.0.56.jar!/:na]
	at org.apache.coyote.AbstractProtocol$ConnectionHandler.process(AbstractProtocol.java:895) ~[tomcat-embed-core-9.0.56.jar!/:na]
	at org.apache.tomcat.util.net.NioEndpoint$SocketProcessor.doRun(NioEndpoint.java:1732) ~[tomcat-embed-core-9.0.56.jar!/:na]
	at org.apache.tomcat.util.net.SocketProcessorBase.run(SocketProcessorBase.java:49) ~[tomcat-embed-core-9.0.56.jar!/:na]
	at org.apache.tomcat.util.threads.ThreadPoolExecutor.runWorker(ThreadPoolExecutor.java:1191) ~[tomcat-embed-core-9.0.56.jar!/:na]
	at org.apache.tomcat.util.threads.ThreadPoolExecutor$Worker.run(ThreadPoolExecutor.java:659) ~[tomcat-embed-core-9.0.56.jar!/:na]
	at org.apache.tomcat.util.threads.TaskThread$WrappingRunnable.run(TaskThread.java:61) ~[tomcat-embed-core-9.0.56.jar!/:na]
	at java.base/java.lang.Thread.run(Thread.java:829) ~[na:na]
Caused by: com.baidu.brpc.exceptions.RpcException: com.baidu.brpc.exceptions.RpcException: 
	at com.baidu.brpc.client.RpcFuture.get(RpcFuture.java:178) ~[brpc-java-2.5.9.jar!/:na]
	at com.baidu.brpc.interceptor.LoadBalanceInterceptor.rpcCore(LoadBalanceInterceptor.java:93) ~[brpc-java-2.5.9.jar!/:na]
	at com.baidu.brpc.interceptor.LoadBalanceInterceptor.invokeRpc(LoadBalanceInterceptor.java:82) ~[brpc-java-2.5.9.jar!/:na]
	at com.baidu.brpc.interceptor.LoadBalanceInterceptor.aroundProcess(LoadBalanceInterceptor.java:62) ~[brpc-java-2.5.9.jar!/:na]
	at com.baidu.brpc.interceptor.DefaultInterceptorChain.intercept(DefaultInterceptorChain.java:43) ~[brpc-java-2.5.9.jar!/:na]
	at com.baidu.brpc.interceptor.AbstractInterceptor.aroundProcess(AbstractInterceptor.java:35) ~[brpc-java-2.5.9.jar!/:na]
	at com.baidu.brpc.interceptor.ClientTraceInterceptor.aroundProcess(ClientTraceInterceptor.java:40) ~[brpc-java-2.5.9.jar!/:na]
	at com.baidu.brpc.interceptor.DefaultInterceptorChain.intercept(DefaultInterceptorChain.java:43) ~[brpc-java-2.5.9.jar!/:na]
	at com.baidu.brpc.client.BrpcProxy.intercept(BrpcProxy.java:266) ~[brpc-java-2.5.9.jar!/:na]
	... 53 common frames omitted
Caused by: com.baidu.brpc.exceptions.RpcException: 
	at com.baidu.brpc.protocol.standard.BaiduRpcProtocol.decodeResponse(BaiduRpcProtocol.java:162) ~[brpc-java-2.5.9.jar!/:na]
	at com.baidu.brpc.protocol.standard.BaiduRpcProtocol.decodeResponse(BaiduRpcProtocol.java:70) ~[brpc-java-2.5.9.jar!/:na]
	at com.baidu.brpc.client.handler.ClientWorkTask.run(ClientWorkTask.java:65) ~[brpc-java-2.5.9.jar!/:na]
	at com.baidu.brpc.utils.ThreadPool.consume(ThreadPool.java:131) ~[brpc-java-2.5.9.jar!/:na]
	at com.baidu.brpc.utils.ThreadPool.access$000(ThreadPool.java:37) ~[brpc-java-2.5.9.jar!/:na]
	at com.baidu.brpc.utils.ThreadPool$1.run(ThreadPool.java:79) ~[brpc-java-2.5.9.jar!/:na]
	at io.netty.util.concurrent.FastThreadLocalRunnable.run(FastThreadLocalRunnable.java:30) ~[netty-all-4.1.42.Final.jar!/:4.1.42.Final]
	... 1 common frames omitted

2024-08-30 20:14:35.055 ERROR 3916 --- [http-nio-8080-exec-10] com.baidu.brpc.client.BrpcProxy          : exception :

com.baidu.brpc.exceptions.RpcException: com.baidu.brpc.exceptions.RpcException: com.baidu.brpc.exceptions.RpcException: 
	at com.baidu.brpc.client.BrpcProxy.intercept(BrpcProxy.java:268) ~[brpc-java-2.5.9.jar!/:na]
	at com.github.raftimpl.raft.example.server.service.ExampleService$$EnhancerByCGLIB$$b85a9f0d.set(<generated>) ~[raft-java-example-1.9.0.jar!/:na]
	at com.github.raftimpl.raft.template.RaftTemplate.write(RaftTemplate.java:44) ~[classes!/:na]
	at com.github.raftimpl.raft.controller.TestController.write(TestController.java:15) ~[classes!/:na]
	at java.base/jdk.internal.reflect.NativeMethodAccessorImpl.invoke0(Native Method) ~[na:na]
	at java.base/jdk.internal.reflect.NativeMethodAccessorImpl.invoke(NativeMethodAccessorImpl.java:62) ~[na:na]
	at java.base/jdk.internal.reflect.DelegatingMethodAccessorImpl.invoke(DelegatingMethodAccessorImpl.java:43) ~[na:na]
	at java.base/java.lang.reflect.Method.invoke(Method.java:566) ~[na:na]
	at org.springframework.web.method.support.InvocableHandlerMethod.doInvoke(InvocableHandlerMethod.java:205) ~[spring-web-5.3.15.jar!/:5.3.15]
	at org.springframework.web.method.support.InvocableHandlerMethod.invokeForRequest(InvocableHandlerMethod.java:150) ~[spring-web-5.3.15.jar!/:5.3.15]
	at org.springframework.web.servlet.mvc.method.annotation.ServletInvocableHandlerMethod.invokeAndHandle(ServletInvocableHandlerMethod.java:117) ~[spring-webmvc-5.3.15.jar!/:5.3.15]
	at org.springframework.web.servlet.mvc.method.annotation.RequestMappingHandlerAdapter.invokeHandlerMethod(RequestMappingHandlerAdapter.java:895) ~[spring-webmvc-5.3.15.jar!/:5.3.15]
	at org.springframework.web.servlet.mvc.method.annotation.RequestMappingHandlerAdapter.handleInternal(RequestMappingHandlerAdapter.java:808) ~[spring-webmvc-5.3.15.jar!/:5.3.15]
	at org.springframework.web.servlet.mvc.method.AbstractHandlerMethodAdapter.handle(AbstractHandlerMethodAdapter.java:87) ~[spring-webmvc-5.3.15.jar!/:5.3.15]
	at org.springframework.web.servlet.DispatcherServlet.doDispatch(DispatcherServlet.java:1067) ~[spring-webmvc-5.3.15.jar!/:5.3.15]
	at org.springframework.web.servlet.DispatcherServlet.doService(DispatcherServlet.java:963) ~[spring-webmvc-5.3.15.jar!/:5.3.15]
	at org.springframework.web.servlet.FrameworkServlet.processRequest(FrameworkServlet.java:1006) ~[spring-webmvc-5.3.15.jar!/:5.3.15]
	at org.springframework.web.servlet.FrameworkServlet.doPost(FrameworkServlet.java:909) ~[spring-webmvc-5.3.15.jar!/:5.3.15]
	at javax.servlet.http.HttpServlet.service(HttpServlet.java:681) ~[tomcat-embed-core-9.0.56.jar!/:na]
	at org.springframework.web.servlet.FrameworkServlet.service(FrameworkServlet.java:883) ~[spring-webmvc-5.3.15.jar!/:5.3.15]
	at javax.servlet.http.HttpServlet.service(HttpServlet.java:764) ~[tomcat-embed-core-9.0.56.jar!/:na]
	at org.apache.catalina.core.ApplicationFilterChain.internalDoFilter(ApplicationFilterChain.java:227) ~[tomcat-embed-core-9.0.56.jar!/:na]
	at org.apache.catalina.core.ApplicationFilterChain.doFilter(ApplicationFilterChain.java:162) ~[tomcat-embed-core-9.0.56.jar!/:na]
	at org.apache.tomcat.websocket.server.WsFilter.doFilter(WsFilter.java:53) ~[tomcat-embed-websocket-9.0.56.jar!/:na]
	at org.apache.catalina.core.ApplicationFilterChain.internalDoFilter(ApplicationFilterChain.java:189) ~[tomcat-embed-core-9.0.56.jar!/:na]
	at org.apache.catalina.core.ApplicationFilterChain.doFilter(ApplicationFilterChain.java:162) ~[tomcat-embed-core-9.0.56.jar!/:na]
	at org.springframework.web.filter.RequestContextFilter.doFilterInternal(RequestContextFilter.java:100) ~[spring-web-5.3.15.jar!/:5.3.15]
	at org.springframework.web.filter.OncePerRequestFilter.doFilter(OncePerRequestFilter.java:117) ~[spring-web-5.3.15.jar!/:5.3.15]
	at org.apache.catalina.core.ApplicationFilterChain.internalDoFilter(ApplicationFilterChain.java:189) ~[tomcat-embed-core-9.0.56.jar!/:na]
	at org.apache.catalina.core.ApplicationFilterChain.doFilter(ApplicationFilterChain.java:162) ~[tomcat-embed-core-9.0.56.jar!/:na]
	at org.springframework.web.filter.FormContentFilter.doFilterInternal(FormContentFilter.java:93) ~[spring-web-5.3.15.jar!/:5.3.15]
	at org.springframework.web.filter.OncePerRequestFilter.doFilter(OncePerRequestFilter.java:117) ~[spring-web-5.3.15.jar!/:5.3.15]
	at org.apache.catalina.core.ApplicationFilterChain.internalDoFilter(ApplicationFilterChain.java:189) ~[tomcat-embed-core-9.0.56.jar!/:na]
	at org.apache.catalina.core.ApplicationFilterChain.doFilter(ApplicationFilterChain.java:162) ~[tomcat-embed-core-9.0.56.jar!/:na]
	at org.springframework.web.filter.CharacterEncodingFilter.doFilterInternal(CharacterEncodingFilter.java:201) ~[spring-web-5.3.15.jar!/:5.3.15]
	at org.springframework.web.filter.OncePerRequestFilter.doFilter(OncePerRequestFilter.java:117) ~[spring-web-5.3.15.jar!/:5.3.15]
	at org.apache.catalina.core.ApplicationFilterChain.internalDoFilter(ApplicationFilterChain.java:189) ~[tomcat-embed-core-9.0.56.jar!/:na]
	at org.apache.catalina.core.ApplicationFilterChain.doFilter(ApplicationFilterChain.java:162) ~[tomcat-embed-core-9.0.56.jar!/:na]
	at org.apache.catalina.core.StandardWrapperValve.invoke(StandardWrapperValve.java:197) ~[tomcat-embed-core-9.0.56.jar!/:na]
	at org.apache.catalina.core.StandardContextValve.invoke(StandardContextValve.java:97) ~[tomcat-embed-core-9.0.56.jar!/:na]
	at org.apache.catalina.authenticator.AuthenticatorBase.invoke(AuthenticatorBase.java:540) ~[tomcat-embed-core-9.0.56.jar!/:na]
	at org.apache.catalina.core.StandardHostValve.invoke(StandardHostValve.java:135) ~[tomcat-embed-core-9.0.56.jar!/:na]
	at org.apache.catalina.valves.ErrorReportValve.invoke(ErrorReportValve.java:92) ~[tomcat-embed-core-9.0.56.jar!/:na]
	at org.apache.catalina.core.StandardEngineValve.invoke(StandardEngineValve.java:78) ~[tomcat-embed-core-9.0.56.jar!/:na]
	at org.apache.catalina.connector.CoyoteAdapter.service(CoyoteAdapter.java:357) ~[tomcat-embed-core-9.0.56.jar!/:na]
	at org.apache.coyote.http11.Http11Processor.service(Http11Processor.java:382) ~[tomcat-embed-core-9.0.56.jar!/:na]
	at org.apache.coyote.AbstractProcessorLight.process(AbstractProcessorLight.java:65) ~[tomcat-embed-core-9.0.56.jar!/:na]
	at org.apache.coyote.AbstractProtocol$ConnectionHandler.process(AbstractProtocol.java:895) ~[tomcat-embed-core-9.0.56.jar!/:na]
	at org.apache.tomcat.util.net.NioEndpoint$SocketProcessor.doRun(NioEndpoint.java:1732) ~[tomcat-embed-core-9.0.56.jar!/:na]
	at org.apache.tomcat.util.net.SocketProcessorBase.run(SocketProcessorBase.java:49) ~[tomcat-embed-core-9.0.56.jar!/:na]
	at org.apache.tomcat.util.threads.ThreadPoolExecutor.runWorker(ThreadPoolExecutor.java:1191) ~[tomcat-embed-core-9.0.56.jar!/:na]
	at org.apache.tomcat.util.threads.ThreadPoolExecutor$Worker.run(ThreadPoolExecutor.java:659) ~[tomcat-embed-core-9.0.56.jar!/:na]
	at org.apache.tomcat.util.threads.TaskThread$WrappingRunnable.run(TaskThread.java:61) ~[tomcat-embed-core-9.0.56.jar!/:na]
	at java.base/java.lang.Thread.run(Thread.java:829) ~[na:na]
Caused by: com.baidu.brpc.exceptions.RpcException: com.baidu.brpc.exceptions.RpcException: 
	at com.baidu.brpc.client.RpcFuture.get(RpcFuture.java:178) ~[brpc-java-2.5.9.jar!/:na]
	at com.baidu.brpc.interceptor.LoadBalanceInterceptor.rpcCore(LoadBalanceInterceptor.java:93) ~[brpc-java-2.5.9.jar!/:na]
	at com.baidu.brpc.interceptor.LoadBalanceInterceptor.invokeRpc(LoadBalanceInterceptor.java:82) ~[brpc-java-2.5.9.jar!/:na]
	at com.baidu.brpc.interceptor.LoadBalanceInterceptor.aroundProcess(LoadBalanceInterceptor.java:62) ~[brpc-java-2.5.9.jar!/:na]
	at com.baidu.brpc.interceptor.DefaultInterceptorChain.intercept(DefaultInterceptorChain.java:43) ~[brpc-java-2.5.9.jar!/:na]
	at com.baidu.brpc.interceptor.AbstractInterceptor.aroundProcess(AbstractInterceptor.java:35) ~[brpc-java-2.5.9.jar!/:na]
	at com.baidu.brpc.interceptor.ClientTraceInterceptor.aroundProcess(ClientTraceInterceptor.java:40) ~[brpc-java-2.5.9.jar!/:na]
	at com.baidu.brpc.interceptor.DefaultInterceptorChain.intercept(DefaultInterceptorChain.java:43) ~[brpc-java-2.5.9.jar!/:na]
	at com.baidu.brpc.client.BrpcProxy.intercept(BrpcProxy.java:266) ~[brpc-java-2.5.9.jar!/:na]
	... 53 common frames omitted
Caused by: com.baidu.brpc.exceptions.RpcException: 
	at com.baidu.brpc.protocol.standard.BaiduRpcProtocol.decodeResponse(BaiduRpcProtocol.java:162) ~[brpc-java-2.5.9.jar!/:na]
	at com.baidu.brpc.protocol.standard.BaiduRpcProtocol.decodeResponse(BaiduRpcProtocol.java:70) ~[brpc-java-2.5.9.jar!/:na]
	at com.baidu.brpc.client.handler.ClientWorkTask.run(ClientWorkTask.java:65) ~[brpc-java-2.5.9.jar!/:na]
	at com.baidu.brpc.utils.ThreadPool.consume(ThreadPool.java:131) ~[brpc-java-2.5.9.jar!/:na]
	at com.baidu.brpc.utils.ThreadPool.access$000(ThreadPool.java:37) ~[brpc-java-2.5.9.jar!/:na]
	at com.baidu.brpc.utils.ThreadPool$1.run(ThreadPool.java:79) ~[brpc-java-2.5.9.jar!/:na]
	at io.netty.util.concurrent.FastThreadLocalRunnable.run(FastThreadLocalRunnable.java:30) ~[netty-all-4.1.42.Final.jar!/:4.1.42.Final]
	... 1 common frames omitted

2024-08-30 20:14:35.084 ERROR 3916 --- [http-nio-8080-exec-14] com.baidu.brpc.client.BrpcProxy          : exception :

com.baidu.brpc.exceptions.RpcException: com.baidu.brpc.exceptions.RpcException: com.baidu.brpc.exceptions.RpcException: 
	at com.baidu.brpc.client.BrpcProxy.intercept(BrpcProxy.java:268) ~[brpc-java-2.5.9.jar!/:na]
	at com.github.raftimpl.raft.example.server.service.ExampleService$$EnhancerByCGLIB$$b85a9f0d.set(<generated>) ~[raft-java-example-1.9.0.jar!/:na]
	at com.github.raftimpl.raft.template.RaftTemplate.write(RaftTemplate.java:44) ~[classes!/:na]
	at com.github.raftimpl.raft.controller.TestController.write(TestController.java:15) ~[classes!/:na]
	at java.base/jdk.internal.reflect.NativeMethodAccessorImpl.invoke0(Native Method) ~[na:na]
	at java.base/jdk.internal.reflect.NativeMethodAccessorImpl.invoke(NativeMethodAccessorImpl.java:62) ~[na:na]
	at java.base/jdk.internal.reflect.DelegatingMethodAccessorImpl.invoke(DelegatingMethodAccessorImpl.java:43) ~[na:na]
	at java.base/java.lang.reflect.Method.invoke(Method.java:566) ~[na:na]
	at org.springframework.web.method.support.InvocableHandlerMethod.doInvoke(InvocableHandlerMethod.java:205) ~[spring-web-5.3.15.jar!/:5.3.15]
	at org.springframework.web.method.support.InvocableHandlerMethod.invokeForRequest(InvocableHandlerMethod.java:150) ~[spring-web-5.3.15.jar!/:5.3.15]
	at org.springframework.web.servlet.mvc.method.annotation.ServletInvocableHandlerMethod.invokeAndHandle(ServletInvocableHandlerMethod.java:117) ~[spring-webmvc-5.3.15.jar!/:5.3.15]
	at org.springframework.web.servlet.mvc.method.annotation.RequestMappingHandlerAdapter.invokeHandlerMethod(RequestMappingHandlerAdapter.java:895) ~[spring-webmvc-5.3.15.jar!/:5.3.15]
	at org.springframework.web.servlet.mvc.method.annotation.RequestMappingHandlerAdapter.handleInternal(RequestMappingHandlerAdapter.java:808) ~[spring-webmvc-5.3.15.jar!/:5.3.15]
	at org.springframework.web.servlet.mvc.method.AbstractHandlerMethodAdapter.handle(AbstractHandlerMethodAdapter.java:87) ~[spring-webmvc-5.3.15.jar!/:5.3.15]
	at org.springframework.web.servlet.DispatcherServlet.doDispatch(DispatcherServlet.java:1067) ~[spring-webmvc-5.3.15.jar!/:5.3.15]
	at org.springframework.web.servlet.DispatcherServlet.doService(DispatcherServlet.java:963) ~[spring-webmvc-5.3.15.jar!/:5.3.15]
	at org.springframework.web.servlet.FrameworkServlet.processRequest(FrameworkServlet.java:1006) ~[spring-webmvc-5.3.15.jar!/:5.3.15]
	at org.springframework.web.servlet.FrameworkServlet.doPost(FrameworkServlet.java:909) ~[spring-webmvc-5.3.15.jar!/:5.3.15]
	at javax.servlet.http.HttpServlet.service(HttpServlet.java:681) ~[tomcat-embed-core-9.0.56.jar!/:na]
	at org.springframework.web.servlet.FrameworkServlet.service(FrameworkServlet.java:883) ~[spring-webmvc-5.3.15.jar!/:5.3.15]
	at javax.servlet.http.HttpServlet.service(HttpServlet.java:764) ~[tomcat-embed-core-9.0.56.jar!/:na]
	at org.apache.catalina.core.ApplicationFilterChain.internalDoFilter(ApplicationFilterChain.java:227) ~[tomcat-embed-core-9.0.56.jar!/:na]
	at org.apache.catalina.core.ApplicationFilterChain.doFilter(ApplicationFilterChain.java:162) ~[tomcat-embed-core-9.0.56.jar!/:na]
	at org.apache.tomcat.websocket.server.WsFilter.doFilter(WsFilter.java:53) ~[tomcat-embed-websocket-9.0.56.jar!/:na]
	at org.apache.catalina.core.ApplicationFilterChain.internalDoFilter(ApplicationFilterChain.java:189) ~[tomcat-embed-core-9.0.56.jar!/:na]
	at org.apache.catalina.core.ApplicationFilterChain.doFilter(ApplicationFilterChain.java:162) ~[tomcat-embed-core-9.0.56.jar!/:na]
	at org.springframework.web.filter.RequestContextFilter.doFilterInternal(RequestContextFilter.java:100) ~[spring-web-5.3.15.jar!/:5.3.15]
	at org.springframework.web.filter.OncePerRequestFilter.doFilter(OncePerRequestFilter.java:117) ~[spring-web-5.3.15.jar!/:5.3.15]
	at org.apache.catalina.core.ApplicationFilterChain.internalDoFilter(ApplicationFilterChain.java:189) ~[tomcat-embed-core-9.0.56.jar!/:na]
	at org.apache.catalina.core.ApplicationFilterChain.doFilter(ApplicationFilterChain.java:162) ~[tomcat-embed-core-9.0.56.jar!/:na]
	at org.springframework.web.filter.FormContentFilter.doFilterInternal(FormContentFilter.java:93) ~[spring-web-5.3.15.jar!/:5.3.15]
	at org.springframework.web.filter.OncePerRequestFilter.doFilter(OncePerRequestFilter.java:117) ~[spring-web-5.3.15.jar!/:5.3.15]
	at org.apache.catalina.core.ApplicationFilterChain.internalDoFilter(ApplicationFilterChain.java:189) ~[tomcat-embed-core-9.0.56.jar!/:na]
	at org.apache.catalina.core.ApplicationFilterChain.doFilter(ApplicationFilterChain.java:162) ~[tomcat-embed-core-9.0.56.jar!/:na]
	at org.springframework.web.filter.CharacterEncodingFilter.doFilterInternal(CharacterEncodingFilter.java:201) ~[spring-web-5.3.15.jar!/:5.3.15]
	at org.springframework.web.filter.OncePerRequestFilter.doFilter(OncePerRequestFilter.java:117) ~[spring-web-5.3.15.jar!/:5.3.15]
	at org.apache.catalina.core.ApplicationFilterChain.internalDoFilter(ApplicationFilterChain.java:189) ~[tomcat-embed-core-9.0.56.jar!/:na]
	at org.apache.catalina.core.ApplicationFilterChain.doFilter(ApplicationFilterChain.java:162) ~[tomcat-embed-core-9.0.56.jar!/:na]
	at org.apache.catalina.core.StandardWrapperValve.invoke(StandardWrapperValve.java:197) ~[tomcat-embed-core-9.0.56.jar!/:na]
	at org.apache.catalina.core.StandardContextValve.invoke(StandardContextValve.java:97) ~[tomcat-embed-core-9.0.56.jar!/:na]
	at org.apache.catalina.authenticator.AuthenticatorBase.invoke(AuthenticatorBase.java:540) ~[tomcat-embed-core-9.0.56.jar!/:na]
	at org.apache.catalina.core.StandardHostValve.invoke(StandardHostValve.java:135) ~[tomcat-embed-core-9.0.56.jar!/:na]
	at org.apache.catalina.valves.ErrorReportValve.invoke(ErrorReportValve.java:92) ~[tomcat-embed-core-9.0.56.jar!/:na]
	at org.apache.catalina.core.StandardEngineValve.invoke(StandardEngineValve.java:78) ~[tomcat-embed-core-9.0.56.jar!/:na]
	at org.apache.catalina.connector.CoyoteAdapter.service(CoyoteAdapter.java:357) ~[tomcat-embed-core-9.0.56.jar!/:na]
	at org.apache.coyote.http11.Http11Processor.service(Http11Processor.java:382) ~[tomcat-embed-core-9.0.56.jar!/:na]
	at org.apache.coyote.AbstractProcessorLight.process(AbstractProcessorLight.java:65) ~[tomcat-embed-core-9.0.56.jar!/:na]
	at org.apache.coyote.AbstractProtocol$ConnectionHandler.process(AbstractProtocol.java:895) ~[tomcat-embed-core-9.0.56.jar!/:na]
	at org.apache.tomcat.util.net.NioEndpoint$SocketProcessor.doRun(NioEndpoint.java:1732) ~[tomcat-embed-core-9.0.56.jar!/:na]
	at org.apache.tomcat.util.net.SocketProcessorBase.run(SocketProcessorBase.java:49) ~[tomcat-embed-core-9.0.56.jar!/:na]
	at org.apache.tomcat.util.threads.ThreadPoolExecutor.runWorker(ThreadPoolExecutor.java:1191) ~[tomcat-embed-core-9.0.56.jar!/:na]
	at org.apache.tomcat.util.threads.ThreadPoolExecutor$Worker.run(ThreadPoolExecutor.java:659) ~[tomcat-embed-core-9.0.56.jar!/:na]
	at org.apache.tomcat.util.threads.TaskThread$WrappingRunnable.run(TaskThread.java:61) ~[tomcat-embed-core-9.0.56.jar!/:na]
	at java.base/java.lang.Thread.run(Thread.java:829) ~[na:na]
Caused by: com.baidu.brpc.exceptions.RpcException: com.baidu.brpc.exceptions.RpcException: 
	at com.baidu.brpc.client.RpcFuture.get(RpcFuture.java:178) ~[brpc-java-2.5.9.jar!/:na]
	at com.baidu.brpc.interceptor.LoadBalanceInterceptor.rpcCore(LoadBalanceInterceptor.java:93) ~[brpc-java-2.5.9.jar!/:na]
	at com.baidu.brpc.interceptor.LoadBalanceInterceptor.invokeRpc(LoadBalanceInterceptor.java:82) ~[brpc-java-2.5.9.jar!/:na]
	at com.baidu.brpc.interceptor.LoadBalanceInterceptor.aroundProcess(LoadBalanceInterceptor.java:62) ~[brpc-java-2.5.9.jar!/:na]
	at com.baidu.brpc.interceptor.DefaultInterceptorChain.intercept(DefaultInterceptorChain.java:43) ~[brpc-java-2.5.9.jar!/:na]
	at com.baidu.brpc.interceptor.AbstractInterceptor.aroundProcess(AbstractInterceptor.java:35) ~[brpc-java-2.5.9.jar!/:na]
	at com.baidu.brpc.interceptor.ClientTraceInterceptor.aroundProcess(ClientTraceInterceptor.java:40) ~[brpc-java-2.5.9.jar!/:na]
	at com.baidu.brpc.interceptor.DefaultInterceptorChain.intercept(DefaultInterceptorChain.java:43) ~[brpc-java-2.5.9.jar!/:na]
	at com.baidu.brpc.client.BrpcProxy.intercept(BrpcProxy.java:266) ~[brpc-java-2.5.9.jar!/:na]
	... 53 common frames omitted
Caused by: com.baidu.brpc.exceptions.RpcException: 
	at com.baidu.brpc.protocol.standard.BaiduRpcProtocol.decodeResponse(BaiduRpcProtocol.java:162) ~[brpc-java-2.5.9.jar!/:na]
	at com.baidu.brpc.protocol.standard.BaiduRpcProtocol.decodeResponse(BaiduRpcProtocol.java:70) ~[brpc-java-2.5.9.jar!/:na]
	at com.baidu.brpc.client.handler.ClientWorkTask.run(ClientWorkTask.java:65) ~[brpc-java-2.5.9.jar!/:na]
	at com.baidu.brpc.utils.ThreadPool.consume(ThreadPool.java:131) ~[brpc-java-2.5.9.jar!/:na]
	at com.baidu.brpc.utils.ThreadPool.access$000(ThreadPool.java:37) ~[brpc-java-2.5.9.jar!/:na]
	at com.baidu.brpc.utils.ThreadPool$1.run(ThreadPool.java:79) ~[brpc-java-2.5.9.jar!/:na]
	at io.netty.util.concurrent.FastThreadLocalRunnable.run(FastThreadLocalRunnable.java:30) ~[netty-all-4.1.42.Final.jar!/:4.1.42.Final]
	... 1 common frames omitted

2024-08-30 20:14:35.103 ERROR 3916 --- [http-nio-8080-exec-13] o.a.c.c.C.[.[.[/].[dispatcherServlet]    : Servlet.service() for servlet [dispatcherServlet] in context with path [] threw exception [Request processing failed; nested exception is com.baidu.brpc.exceptions.RpcException: com.baidu.brpc.exceptions.RpcException: com.baidu.brpc.exceptions.RpcException: ] with root cause

com.baidu.brpc.exceptions.RpcException: 
	at com.baidu.brpc.protocol.standard.BaiduRpcProtocol.decodeResponse(BaiduRpcProtocol.java:162) ~[brpc-java-2.5.9.jar!/:na]
	at com.baidu.brpc.protocol.standard.BaiduRpcProtocol.decodeResponse(BaiduRpcProtocol.java:70) ~[brpc-java-2.5.9.jar!/:na]
	at com.baidu.brpc.client.handler.ClientWorkTask.run(ClientWorkTask.java:65) ~[brpc-java-2.5.9.jar!/:na]
	at com.baidu.brpc.utils.ThreadPool.consume(ThreadPool.java:131) ~[brpc-java-2.5.9.jar!/:na]
	at com.baidu.brpc.utils.ThreadPool.access$000(ThreadPool.java:37) ~[brpc-java-2.5.9.jar!/:na]
	at com.baidu.brpc.utils.ThreadPool$1.run(ThreadPool.java:79) ~[brpc-java-2.5.9.jar!/:na]
	at io.netty.util.concurrent.FastThreadLocalRunnable.run(FastThreadLocalRunnable.java:30) ~[netty-all-4.1.42.Final.jar!/:4.1.42.Final]
	at java.base/java.lang.Thread.run(Thread.java:829) ~[na:na]

2024-08-30 20:14:35.112 ERROR 3916 --- [http-nio-8080-exec-10] o.a.c.c.C.[.[.[/].[dispatcherServlet]    : Servlet.service() for servlet [dispatcherServlet] in context with path [] threw exception [Request processing failed; nested exception is com.baidu.brpc.exceptions.RpcException: com.baidu.brpc.exceptions.RpcException: com.baidu.brpc.exceptions.RpcException: ] with root cause

com.baidu.brpc.exceptions.RpcException: 
	at com.baidu.brpc.protocol.standard.BaiduRpcProtocol.decodeResponse(BaiduRpcProtocol.java:162) ~[brpc-java-2.5.9.jar!/:na]
	at com.baidu.brpc.protocol.standard.BaiduRpcProtocol.decodeResponse(BaiduRpcProtocol.java:70) ~[brpc-java-2.5.9.jar!/:na]
	at com.baidu.brpc.client.handler.ClientWorkTask.run(ClientWorkTask.java:65) ~[brpc-java-2.5.9.jar!/:na]
	at com.baidu.brpc.utils.ThreadPool.consume(ThreadPool.java:131) ~[brpc-java-2.5.9.jar!/:na]
	at com.baidu.brpc.utils.ThreadPool.access$000(ThreadPool.java:37) ~[brpc-java-2.5.9.jar!/:na]
	at com.baidu.brpc.utils.ThreadPool$1.run(ThreadPool.java:79) ~[brpc-java-2.5.9.jar!/:na]
	at io.netty.util.concurrent.FastThreadLocalRunnable.run(FastThreadLocalRunnable.java:30) ~[netty-all-4.1.42.Final.jar!/:4.1.42.Final]
	at java.base/java.lang.Thread.run(Thread.java:829) ~[na:na]

2024-08-30 20:14:35.115 ERROR 3916 --- [http-nio-8080-exec-14] o.a.c.c.C.[.[.[/].[dispatcherServlet]    : Servlet.service() for servlet [dispatcherServlet] in context with path [] threw exception [Request processing failed; nested exception is com.baidu.brpc.exceptions.RpcException: com.baidu.brpc.exceptions.RpcException: com.baidu.brpc.exceptions.RpcException: ] with root cause

com.baidu.brpc.exceptions.RpcException: 
	at com.baidu.brpc.protocol.standard.BaiduRpcProtocol.decodeResponse(BaiduRpcProtocol.java:162) ~[brpc-java-2.5.9.jar!/:na]
	at com.baidu.brpc.protocol.standard.BaiduRpcProtocol.decodeResponse(BaiduRpcProtocol.java:70) ~[brpc-java-2.5.9.jar!/:na]
	at com.baidu.brpc.client.handler.ClientWorkTask.run(ClientWorkTask.java:65) ~[brpc-java-2.5.9.jar!/:na]
	at com.baidu.brpc.utils.ThreadPool.consume(ThreadPool.java:131) ~[brpc-java-2.5.9.jar!/:na]
	at com.baidu.brpc.utils.ThreadPool.access$000(ThreadPool.java:37) ~[brpc-java-2.5.9.jar!/:na]
	at com.baidu.brpc.utils.ThreadPool$1.run(ThreadPool.java:79) ~[brpc-java-2.5.9.jar!/:na]
	at io.netty.util.concurrent.FastThreadLocalRunnable.run(FastThreadLocalRunnable.java:30) ~[netty-all-4.1.42.Final.jar!/:4.1.42.Final]
	at java.base/java.lang.Thread.run(Thread.java:829) ~[na:na]

2024-08-30 20:14:35.116 ERROR 3916 --- [http-nio-8080-exec-1] o.a.c.c.C.[.[.[/].[dispatcherServlet]    : Servlet.service() for servlet [dispatcherServlet] in context with path [] threw exception [Request processing failed; nested exception is com.baidu.brpc.exceptions.RpcException: com.baidu.brpc.exceptions.RpcException: com.baidu.brpc.exceptions.RpcException: ] with root cause

com.baidu.brpc.exceptions.RpcException: 
	at com.baidu.brpc.protocol.standard.BaiduRpcProtocol.decodeResponse(BaiduRpcProtocol.java:162) ~[brpc-java-2.5.9.jar!/:na]
	at com.baidu.brpc.protocol.standard.BaiduRpcProtocol.decodeResponse(BaiduRpcProtocol.java:70) ~[brpc-java-2.5.9.jar!/:na]
	at com.baidu.brpc.client.handler.ClientWorkTask.run(ClientWorkTask.java:65) ~[brpc-java-2.5.9.jar!/:na]
	at com.baidu.brpc.utils.ThreadPool.consume(ThreadPool.java:131) ~[brpc-java-2.5.9.jar!/:na]
	at com.baidu.brpc.utils.ThreadPool.access$000(ThreadPool.java:37) ~[brpc-java-2.5.9.jar!/:na]
	at com.baidu.brpc.utils.ThreadPool$1.run(ThreadPool.java:79) ~[brpc-java-2.5.9.jar!/:na]
	at io.netty.util.concurrent.FastThreadLocalRunnable.run(FastThreadLocalRunnable.java:30) ~[netty-all-4.1.42.Final.jar!/:4.1.42.Final]
	at java.base/java.lang.Thread.run(Thread.java:829) ~[na:na]

